#
#
#
#
#
#    Don't try viewing this report without a plog-converter utility!!!
#
#    plog-converter -a GA:1,2 -t tasklist -o report.tasks /path/to/this/file.log
#
#    A link to the documentation: https://pvs-studio.com/en/docs/manual/0036/
#
#
#
#
#
d99cf3ba-6fcd-43f9-9260-1179fa3a9bed
dR'8_uR%Rr[JJRER'haa@->uR%Rcccc=oa->jcL8Pucmcjuou>v;)RI?6<)R^nRER']uR%ViSER U2=u$2UaPR% U2=uER2uvu2R%*ERPu==UjuR%R,LuaucP-jLoc9uc_uau uau>'->jc8 cUck8ou>o-U2c>h22ck8->ouacNjuou>v;)RI?6<)R^N}c$c'8>=oah'o8ac8 coLuc=oa->jc'2U==cu/ku'o=cUcvU2-_ck8->oua}RER>u/o@->uR%Rcccc=oa->jc'8> -jcmc)R(}'8> -j('8>=82uw'LUo)RnRERk8=-o-8>=R%!dR -2uR%R(L8Pu(->o(ka85u'o=('8>=82uK'LUo('2-u>o(PU->K'2-u>o}'kkRER2->u=R%!x*"B"ERkauv@->uR%Rv8-_c'auUouK'8> -j;^cdRER=U=o1_R%R{<C,w6<6[Jw{\\RB
dR'8_uR%RrVGGRER'haa@->uR%Rofku_u ch>=-j>u_c->och->onRER U2=u$2UaPR% U2=uER2uvu2R%JERPu==UjuR%R{h=o8Pc_u'2UaUo-8>c8 cUc=oU>_Ua_cNh->oNcofku}c,Luc_u'2UaUo-8>c a8Pc=f=ouPcLuU_uac -2u=c=L8h2_c9uch=u_c->=ouU_}RERk8=-o-8>=R%!dR -2uR%R(L8Pu(->o(ka85u'o=('8>=82uK'LUo(LuU_ua=(=LUx}LRER2->u=R%!["B"ER=U=o1_R%R{<C,wF{@*Gw{RB
dR'8_uR%RrG[[RER'haa@->uR%Rcccccc'->c33c'8>>u'o-8>K-knRER']uR%xJ*ER U2=u$2UaPR% U2=uER2uvu2R%JERPu==UjuR%R{8kf->jck8ou>o-U22fcoU->ou_c_UoUc a8PcN=o_%%'->Nco8c9h  uacN'8>>u'o-8>K-kN}cOh  uac8vua 28]c-=ck8==-92u}RER>u/o@->uR%Rccccccu=oU92-=LK'8>>u'o-8>;=8'suoK -2uK_u='a-ko8aEc'8>>u'o-8>K-kERERk8=-o-8>=R%!dR -2uR%R(L8Pu(->o(ka85u'o=('8>=82uK'LUo('8>=82u}'kkRER2->u=R%!GJ"B"ERkauv@->uR%Rcccccccccccccc)RxJG}S}S}xc8acPf'LUo=uavua}'8P^%c)RnRER=U=o1_R%R{<C,w.,C*xw{RB
dR'8_uR%RrVxbRER'haa@->uR%Rcccc]L-2uc;sufc&mcN~N^cdRER']uR%b[GER U2=u$2UaPR% U2=uER2uvu2R%xERPu==UjuR%Rg>->-o-U2-:u_cvUa-U92ucNsufNch=u_}RER>u/o@->uR%Rcccccc'8hocyyc)R))>\2uU=uc'L88=u%))>))>]cwc.u>_cUc'LUocPu==Uju))>kcwc.u>_cUcka-vUouc)RRERk8=-o-8>=R%!dR -2uR%R(L8Pu(->o(ka85u'o=('8>=82uK'LUo('8>=82u}'kkRER2->u=R%!x[b"B"ERkauv@->uR%Rcccc'LUacsufnRER=U=o1_R%R{<C,w<M\[*w{\\RB
dR'8_uR%RrVxbRER'haa@->uR%Rcccc]L-2uc;sufc&mcN2N^cdRER']uR%b[GER U2=u$2UaPR% U2=uER2uvu2R%xERPu==UjuR%Rg>->-o-U2-:u_cvUa-U92ucNsufNch=u_}RER>u/o@->uR%Rcccccccc=o_%%'8hocyyc)R))>\2uU=uc'L88=u%))>))>PcwcCuU_cZc]a-oucPu==Uju=))>'cwc{LU>juckU==]8a_))>2cwc@8j8ho)Rcyyc=o_%%u>_2nRERk8=-o-8>=R%!dR -2uR%R(L8Pu(->o(ka85u'o=('8>=82uK'LUo('8>=82u}'kkRER2->u=R%!xG*"B"ERkauv@->uR%Rcccc'LUacsufnRER=U=o1_R%R{<C,w<M\[*w{\\RB
dR'8_uR%Rr[SXRER'haa@->uR%Rcccch->o+c_9KLU=Lcmc>u]ch->o;->-oKLU=L^nRER']uR%bXSER U2=u$2UaPR% U2=uER2uvu2R%JERPu==UjuR%R,Luch=uc8 cN>u]cofku;>^NckUooua>c]U=c_uou'ou_}c\a89U92fcPuU>o%cN>u]cofku!>"N}RER>u/o@->uR%Rccccg=uac 8h>_Kh=ua; 8h>_Kh=uaKa8]!*"Ec_9KLU=LEc 8h>_Kh=uaKa8]!x"Ec 8h>_Kh=uaKa8]!J"^nRERk8=-o-8>=R%!dR -2uR%R(L8Pu(->o(ka85u'o=('8>=82uK'LUo(_UoU9U=u}'kkRER2->u=R%!xXS"B"ERkauv@->uR%Rcccch->oc->-oKLU=LcmcUo8-;a8]!J"^nRB
dR'8_uR%Rr[xiRER'haa@->uR%RccccUhoLu>o-'Uou_cmcUhoLu>o-'Uoug=ua;28j->EcLU=LEch=ua=^nRER']uR%[V*ER U2=u$2UaPR% U2=uER2uvu2R%JERPu==UjuR%R,LucNUhoLu>o-'Uou_NcvUa-U92uc-=cU==-j>u_cvU2hu=co]-'uc=h''u==-vu2f}c\uaLUk=coL-=c-=cUcP-=oUsu}c{Lu'sc2->u=%cbJEcb*}RER>u/o@->uR%Rcccc- c;UhoLu>o-'Uou_^cdRERk8=-o-8>=R%!dR -2uR%R(L8Pu(->o(ka85u'o=('8>=82uK'LUo(Pu==Uju}'kkRER2->u=R%!b*EbJ"B"ERkauv@->uR%Rcccc- c;K 8ag=uacmmc)RU22)R^cUhoLu>o-'Uou_cmcoahunRER=U=o1_R%R{<C,w6.{x*w{RB
dR'8_uR%Rr[xJRER'haa@->uR%Rcccc->oc9fou=cmc]a-ou;=8'sEc'8PPU>_Ec'P_K=-:u^nRER']uR%xxiER U2=u$2UaPR% U2=uER2uvu2R%xERPu==UjuR%R$c'U22c8 coLucN]a-ouNc h>'o-8>c]-22c2uU_co8c8vua 28]c8 coLuc9h  uacN'8PPU>_N}RER>u/o@->uR%Rcccc- c;9fou=c3cS^cdRERk8=-o-8>=R%!dR -2uR%R(L8Pu(->o(ka85u'o=('8>=82uK'LUo(>uo]8as}'kkRER2->u=R%!xi"B"ERkauv@->uR%Rcccc'LUac'8PPU>_!"cmc)RoaU>=P-oKPu==Uju)RnRB
dR'8_uR%RrVViRER'haa@->uR%Rv8-_coaU>=P-oKPu==Uju;'8>=oc6u==UjuZcPu==UjuEc->oZc=8'sERER U2=u$2UaPR% U2=uER2uvu2R%*ERPu==UjuR%R,LucN=8'sNcUajhPu>oc-=cUc>8>w'8>=oU>ocau uau>'u}c,LucU>U2f:uac-=ch>U92uco8c_uouaP->ucoLuck8=-o-8>cUoc]L-'LcoL-=cUajhPu>oc-=c9u->jcP8_- -u_}c1oc-=ck8==-92ucoLUocoLuc h>'o-8>c'8>oU->=cU>cuaa8a}RER>u/o@->uR%Rcccccccccccccccccccccc9882ZcPu==UjuK-=KU''ukou_^RERk8=-o-8>=R%!dR -2uR%R(L8Pu(->o(ka85u'o=('8>=82uK'LUo(>uo]8as}'kkRER2->u=R%!xb"B"B
dR'8_uR%Rr[xJRER'haa@->uR%Rcccc9fou=cmc]a-ou;=8'sEc'8PPU>_Ec'P_K=-:u^nRER']uR%xxiER U2=u$2UaPR% U2=uER2uvu2R%xERPu==UjuR%R$c'U22c8 coLucN]a-ouNc h>'o-8>c]-22c2uU_co8c8vua 28]c8 coLuc9h  uacN'8PPU>_N}RER>u/o@->uR%Rcccc9882c28j->Ku/-=o=cmc U2=unRERk8=-o-8>=R%!dR -2uR%R(L8Pu(->o(ka85u'o=('8>=82uK'LUo(>uo]8as}'kkRER2->u=R%![G"B"ERkauv@->uR%Rcccc==-:uKoc9fou=cmcwxnRB
dR'8_uR%RrVViRER'haa@->uR%R9882ch=uaKu/-=o=;=o_%%=oa->jZc28j->Ec->oZc=8's^cdRER U2=u$2UaPR% U2=uER2uvu2R%*ERPu==UjuR%R,LucN=8'sNcUajhPu>oc-=cUc>8>w'8>=oU>ocau uau>'u}c,LucU>U2f:uac-=ch>U92uco8c_uouaP->ucoLuck8=-o-8>cUoc]L-'LcoL-=cUajhPu>oc-=c9u->jcP8_- -u_}c1oc-=ck8==-92ucoLUocoLuc h>'o-8>c'8>oU->=cU>cuaa8a}RER>u/o@->uR%Rcccc'LUac'8PPU>_!"cmc)R'Lu'sKh=uaKu/-=o=)RnRERk8=-o-8>=R%!dR -2uR%R(L8Pu(->o(ka85u'o=('8>=82uK'LUo(>uo]8as}'kkRER2->u=R%![b"B"B
dR'8_uR%Rr[xJRER'haa@->uR%Rcccc==-:uKoc9fou=cmc]a-ou;=8'sEc'8PPU>_Ec'P_K=-:u^nRER']uR%xxiER U2=u$2UaPR% U2=uER2uvu2R%xERPu==UjuR%R$c'U22c8 coLucN]a-ouNc h>'o-8>c]-22c2uU_co8c8vua 28]c8 coLuc9h  uacN'8PPU>_N}RER>u/o@->uR%Rcccc9882ckU==]8a_K-=K'8aau'ocmc U2=unRERk8=-o-8>=R%!dR -2uR%R(L8Pu(->o(ka85u'o=('8>=82uK'LUo(>uo]8as}'kkRER2->u=R%!GX"B"ERkauv@->uR%Rcccc'LUac'8PPU>_!"cmc)R'Lu'sKh=uaKkU==]8a_)RnRB
dR'8_uR%RrVViRER'haa@->uR%Rccccccccccccccccccccccccccccccch->o+cZLU=LEc->oZc=8's^RER U2=u$2UaPR% U2=uER2uvu2R%*ERPu==UjuR%R,LucN=8'sNcUajhPu>oc-=cUc>8>w'8>=oU>ocau uau>'u}c,LucU>U2f:uac-=ch>U92uco8c_uouaP->ucoLuck8=-o-8>cUoc]L-'LcoL-=cUajhPu>oc-=c9u->jcP8_- -u_}c1oc-=ck8==-92ucoLUocoLuc h>'o-8>c'8>oU->=cU>cuaa8a}RER>u/o@->uR%RdRERk8=-o-8>=R%!dR -2uR%R(L8Pu(->o(ka85u'o=('8>=82uK'LUo(>uo]8as}'kkRER2->u=R%!Gb"B"ERkauv@->uR%R9882ckU==]8a_K-=K'8aau'o;'8>=oc=o_%%=oa->jZc28j->Ec'8>=oc=o_%%=oa->jcZkU==]8a_ERB
dR'8_uR%Rr[xJRER'haa@->uR%Rcccc==-:uKoc9fou=cmc]a-ou;=8'sEc'8PPU>_Ec'P_K=-:u^nRER']uR%xxiER U2=u$2UaPR% U2=uER2uvu2R%xERPu==UjuR%R$c'U22c8 coLucN]a-ouNc h>'o-8>c]-22c2uU_co8c8vua 28]c8 coLuc9h  uacN'8PPU>_N}RER>u/o@->uR%Rcccc- c;9fou=c3cS^cdRERk8=-o-8>=R%!dR -2uR%R(L8Pu(->o(ka85u'o=('8>=82uK'LUo(>uo]8as}'kkRER2->u=R%!ib"B"ERkauv@->uR%Rcccc'LUac'8PPU>_!"cmc)RjuoKPu==Uju=)RnRB
dR'8_uR%RrVViRER'haa@->uR%Rv8-_c=L8]KPu==Uju=;'8>=oc=o_%%=oa->jZc28j->Ec'8>=oc=o_%%=oa->jZcU22Ec->oZc=8's^cdRER U2=u$2UaPR% U2=uER2uvu2R%*ERPu==UjuR%R,LucN=8'sNcUajhPu>oc-=cUc>8>w'8>=oU>ocau uau>'u}c,LucU>U2f:uac-=ch>U92uco8c_uouaP->ucoLuck8=-o-8>cUoc]L-'LcoL-=cUajhPu>oc-=c9u->jcP8_- -u_}c1oc-=ck8==-92ucoLUocoLuc h>'o-8>c'8>oU->=cU>cuaa8a}RER>u/o@->uR%Rcccc'LUacau'-k-u>o!*J"Ec=u>_ua!*J"EcPu==Uju!xSJb"nRERk8=-o-8>=R%!dR -2uR%R(L8Pu(->o(ka85u'o=('8>=82uK'LUo(>uo]8as}'kkRER2->u=R%!Xi"B"B
dR'8_uR%RrVViRER'haa@->uR%Rv8-_cLU>jKhk;->oZc=8's^cdRER U2=u$2UaPR% U2=uER2uvu2R%*ERPu==UjuR%R,LucN=8'sNcUajhPu>oc-=cUc>8>w'8>=oU>ocau uau>'u}c,LucU>U2f:uac-=ch>U92uco8c_uouaP->ucoLuck8=-o-8>cUoc]L-'LcoL-=cUajhPu>oc-=c9u->jcP8_- -u_}c1oc-=ck8==-92ucoLUocoLuc h>'o-8>c'8>oU->=cU>cuaa8a}RER>u/o@->uR%Rcccc'LUac'8PPU>_!"cmc)RLU>jKhk)RnRERk8=-o-8>=R%!dR -2uR%R(L8Pu(->o(ka85u'o=('8>=82uK'LUo(>uo]8as}'kkRER2->u=R%!x*i"B"B
dR'8_uR%Rr[xJRER'haa@->uR%Rcccc==-:uKoc9fou=cmc]a-ou;=8'sEc'8PPU>_Ec'P_K=-:u^nRER']uR%xxiER U2=u$2UaPR% U2=uER2uvu2R%xERPu==UjuR%R$c'U22c8 coLucN]a-ouNc h>'o-8>c]-22c2uU_co8c8vua 28]c8 coLuc9h  uacN'8PPU>_N}RER>u/o@->uR%Rcccc- c;9fou=c3cS^cdRERk8=-o-8>=R%!dR -2uR%R(L8Pu(->o(ka85u'o=('8>=82uK'LUo(>uo]8as}'kkRER2->u=R%!x[x"B"ERkauv@->uR%Rcccc'LUac'8PPU>_!"cmc)R'LU>juKh=uaKkU==]8a_)RnRB
dR'8_uR%RrVViRER'haa@->uR%R9882c'LU>juKh=uaKkU==]8a_;->oZc=8'sEc=oa->jZc28j->ERER U2=u$2UaPR% U2=uER2uvu2R%*ERPu==UjuR%R,LucN=8'sNcUajhPu>oc-=cUc>8>w'8>=oU>ocau uau>'u}c,LucU>U2f:uac-=ch>U92uco8c_uouaP->ucoLuck8=-o-8>cUoc]L-'LcoL-=cUajhPu>oc-=c9u->jcP8_- -u_}c1oc-=ck8==-92ucoLUocoLuc h>'o-8>c'8>oU->=cU>cuaa8a}RER>u/o@->uR%Rcccccccccccccccccccccccccch->o+c'haau>oKLU=LEch->o+c>u]KLU=L^RERk8=-o-8>=R%!dR -2uR%R(L8Pu(->o(ka85u'o=('8>=82uK'LUo(>uo]8as}'kkRER2->u=R%!xbV"B"B
dR'8_uR%RrVViRER'haa@->uR%Rv8-_coUsuK'8PPU>_=;->oZc'8>>u'o-8>Ec6e.0@ZcPf=~2Ec9882Zc=o8kKoLauU_^RER U2=u$2UaPR% U2=uER2uvu2R%*ERPu==UjuR%R,LucN=o8kKoLauU_NcUajhPu>oc-=cUc>8>w'8>=oU>ocau uau>'u}c,LucU>U2f:uac-=ch>U92uco8c_uouaP->ucoLuck8=-o-8>cUoc]L-'LcoL-=cUajhPu>oc-=c9u->jcP8_- -u_}c1oc-=ck8==-92ucoLUocoLuc h>'o-8>c'8>oU->=cU>cuaa8a}RER>u/o@->uR%RdRERk8=-o-8>=R%!dR -2uR%R(L8Pu(->o(ka85u'o=('8>=82uK'LUo(>uo]8as}'kkRER2->u=R%!xVJ"B"B
dR'8_uR%RrVViRER'haa@->uR%R9882cU''ukoK'8>>u'o-8>;->oZc=8'sEc->oc'8>>u'o-8>Ec6e.0@ZcPf=~2ERER U2=u$2UaPR% U2=uER2uvu2R%*ERPu==UjuR%R,LucN=8'sNcUajhPu>oc-=cUc>8>w'8>=oU>ocau uau>'u}c,LucU>U2f:uac-=ch>U92uco8c_uouaP->ucoLuck8=-o-8>cUoc]L-'LcoL-=cUajhPu>oc-=c9u->jcP8_- -u_}c1oc-=ck8==-92ucoLUocoLuc h>'o-8>c'8>oU->=cU>cuaa8a}RER>u/o@->uR%Rccccccccccccccccccccccc9882Zc=o8kKoLauU_^RERk8=-o-8>=R%!dR -2uR%R(L8Pu(->o(ka85u'o=('8>=82uK'LUo(>uo]8as}'kkRER2->u=R%!xGX"B"B
dR'8_uR%RrVViRER'haa@->uR%Rv8-_cU''ukoK'8>>u'o-8>K]aUkkua;->oZc=8'sEc6e.0@ZcPf=~2Ec9882Zc=o8kKoLauU_^RER U2=u$2UaPR% U2=uER2uvu2R%*ERPu==UjuR%R,LucN=8'sNcUajhPu>oc-=cUc>8>w'8>=oU>ocau uau>'u}c,LucU>U2f:uac-=ch>U92uco8c_uouaP->ucoLuck8=-o-8>cUoc]L-'LcoL-=cUajhPu>oc-=c9u->jcP8_- -u_}c1oc-=ck8==-92ucoLUocoLuc h>'o-8>c'8>oU->=cU>cuaa8a}RER>u/o@->uR%RdRERk8=-o-8>=R%!dR -2uR%R(L8Pu(->o(ka85u'o=('8>=82uK'LUo(>uo]8as}'kkRER2->u=R%!JJb"B"B
dR'8_uR%RrVViRER'haa@->uR%Rv8-_c'8PPU>_K'Lu'sKh=uaKu/-=o=;->ocZ'8>>u'o-8>Ec'LUac28j->!"Ec->ockUaUPK=-:uERER U2=u$2UaPR% U2=uER2uvu2R%*ERPu==UjuR%R,LucN'8>>u'o-8>NcUajhPu>oc-=cUc>8>w'8>=oU>ocau uau>'u}c,LucU>U2f:uac-=ch>U92uco8c_uouaP->ucoLuck8=-o-8>cUoc]L-'LcoL-=cUajhPu>oc-=c9u->jcP8_- -u_}c1oc-=ck8==-92ucoLUocoLuc h>'o-8>c'8>oU->=cU>cuaa8a}RER>u/o@->uR%Rccccccccccccccccccccccccccccccc6e.0@cZPf=~2^cdRERk8=-o-8>=R%!dR -2uR%R(L8Pu(->o(ka85u'o=('8>=82uK'LUo(=uavua('8PPU>_=}'kkRER2->u=R%!x*"B"B
dR'8_uR%RrxS*JRER'haa@->uR%Rcccch->o+c->oKkU==KkUaUPcmc;h->o+^ckU==KkUaUPnRER']uR%Xb*ER U2=u$2UaPR% U2=uER2uvu2R%JERPu==UjuR%R,Luck8->ouacNkU==KkUaUPNc-=c'U=oco8cUcP8auc=oa-'o2fcU2-j>u_ck8->ouacofku}RER>u/o@->uR%Rcccc- c;'Lu'sKkU==]8a_;28j->Ec->oKkU==KkUaUPEcPf=~2^^ccdRERk8=-o-8>=R%!dR -2uR%R(L8Pu(->o(ka85u'o=('8>=82uK'LUo(=uavua('8PPU>_=}'kkRER2->u=R%!*G"B"ERkauv@->uR%RccccauU_;'8>>u'o-8>EckU==KkUaUPEcL=LK=-:u^nRER=U=o1_R%R{<C,w<M\*Vw{RB
dR'8_uR%RrVViRER'haa@->uR%Rv8-_c'8PPU>_K'Lu'sKh=uaKkU==]8a_;->oZc'8>>u'o-8>Ec'LUac28j->!"Ec6e.0@ZcPf=~2^RER U2=u$2UaPR% U2=uER2uvu2R%*ERPu==UjuR%R,LucN'8>>u'o-8>NcUajhPu>oc-=cUc>8>w'8>=oU>ocau uau>'u}c,LucU>U2f:uac-=ch>U92uco8c_uouaP->ucoLuck8=-o-8>cUoc]L-'LcoL-=cUajhPu>oc-=c9u->jcP8_- -u_}c1oc-=ck8==-92ucoLUocoLuc h>'o-8>c'8>oU->=cU>cuaa8a}RER>u/o@->uR%RdRERk8=-o-8>=R%!dR -2uR%R(L8Pu(->o(ka85u'o=('8>=82uK'LUo(=uavua('8PPU>_=}'kkRER2->u=R%!*J"B"B
dR'8_uR%RrxS*JRER'haa@->uR%Rcccch->o+c->oK82_KLU=LKkUaUPcmc;h->o+^c'haau>oKLU=LKkUaUPnRER']uR%Xb*ER U2=u$2UaPR% U2=uER2uvu2R%JERPu==UjuR%R,Luck8->ouacN'haau>oKLU=LKkUaUPNc-=c'U=oco8cUcP8auc=oa-'o2fcU2-j>u_ck8->ouacofku}RER>u/o@->uR%RccccauU_;'8>>u'o-8>Ec>u]KLU=LKkUaUPEcL=LK=-:u^nRERk8=-o-8>=R%!dR -2uR%R(L8Pu(->o(ka85u'o=('8>=82uK'LUo(=uavua('8PPU>_=}'kkRER2->u=R%![X"B"ERkauv@->uR%RccccauU_;'8>>u'o-8>Ec'haau>oKLU=LKkUaUPEcL=LK=-:u^nRER=U=o1_R%R{<C,w<M\*Vw{RB
dR'8_uR%RrxS*JRER'haa@->uR%Rcccch->o+c->oK>u]KLU=LKkUaUPcmc;h->o+^c>u]KLU=LKkUaUPnRER']uR%Xb*ER U2=u$2UaPR% U2=uER2uvu2R%JERPu==UjuR%R,Luck8->ouacN>u]KLU=LKkUaUPNc-=c'U=oco8cUcP8auc=oa-'o2fcU2-j>u_ck8->ouacofku}RER>u/o@->uR%Rccccg=uacoL-=Kh=uacmc ->_Kh=ua;28j->Ec->oK82_KLU=LKkUaUPEcPf=~2^nRERk8=-o-8>=R%!dR -2uR%R(L8Pu(->o(ka85u'o=('8>=82uK'LUo(=uavua('8PPU>_=}'kkRER2->u=R%!VS"B"ERkauv@->uR%RccccauU_;'8>>u'o-8>Ec>u]KLU=LKkUaUPEcL=LK=-:u^nRER=U=o1_R%R{<C,w<M\*Vw{RB
dR'8_uR%RrVViRER'haa@->uR%Rv8-_c'8PPU>_K'LU>juKh=uaKkU==]8a_;->oZc'8>>u'o-8>Ec'LUac28j->!"Ec6e.0@ZcPf=~2^RER U2=u$2UaPR% U2=uER2uvu2R%*ERPu==UjuR%R,LucN'8>>u'o-8>NcUajhPu>oc-=cUc>8>w'8>=oU>ocau uau>'u}c,LucU>U2f:uac-=ch>U92uco8c_uouaP->ucoLuck8=-o-8>cUoc]L-'LcoL-=cUajhPu>oc-=c9u->jcP8_- -u_}c1oc-=ck8==-92ucoLUocoLuc h>'o-8>c'8>oU->=cU>cuaa8a}RER>u/o@->uR%RdRERk8=-o-8>=R%!dR -2uR%R(L8Pu(->o(ka85u'o=('8>=82uK'LUo(=uavua('8PPU>_=}'kkRER2->u=R%![S"B"B
dR'8_uR%RrVViRER'haa@->uR%Rv8-_c'8PPU>_KoaU>=P-oKPu==Uju;->oZc'8>>u'o-8>Ec6e.0@ZcPf=~2^cdRER U2=u$2UaPR% U2=uER2uvu2R%*ERPu==UjuR%R,LucN'8>>u'o-8>NcUajhPu>oc-=cUc>8>w'8>=oU>ocau uau>'u}c,LucU>U2f:uac-=ch>U92uco8c_uouaP->ucoLuck8=-o-8>cUoc]L-'LcoL-=cUajhPu>oc-=c9u->jcP8_- -u_}c1oc-=ck8==-92ucoLUocoLuc h>'o-8>c'8>oU->=cU>cuaa8a}RER>u/o@->uR%Rcccc9882cPu==UjuKU''ukou_cmc U2=unRERk8=-o-8>=R%!dR -2uR%R(L8Pu(->o(ka85u'o=('8>=82uK'LUo(=uavua('8PPU>_=}'kkRER2->u=R%!Gi"B"B
dR'8_uR%RrVViRER'haa@->uR%Rv8-_c'8PPU>_KjuoKPu==Uju=;->oZc'8>>u'o-8>Ec'LUac28j->!"Ec6e.0@ZcPf=~2^cdRER U2=u$2UaPR% U2=uER2uvu2R%*ERPu==UjuR%R,LucN'8>>u'o-8>NcUajhPu>oc-=cUc>8>w'8>=oU>ocau uau>'u}c,LucU>U2f:uac-=ch>U92uco8c_uouaP->ucoLuck8=-o-8>cUoc]L-'LcoL-=cUajhPu>oc-=c9u->jcP8_- -u_}c1oc-=ck8==-92ucoLUocoLuc h>'o-8>c'8>oU->=cU>cuaa8a}RER>u/o@->uR%Rcccc=o_%%vu'o8ay6u==Uju3c=L8]KPu==Uju=cmcauU_KPu==Uju=K a8PK_9;>KP=j=K8>K='auu>Ec28j->EcPf=~2^nRERk8=-o-8>=R%!dR -2uR%R(L8Pu(->o(ka85u'o=('8>=82uK'LUo(=uavua('8PPU>_=}'kkRER2->u=R%!xS*"B"B
